#
# There is insufficient memory for the Java Runtime Environment to continue.
# Native memory allocation (malloc) failed to allocate 1337936 bytes. Error detail: Chunk::new
# Possible reasons:
#   The system is out of physical RAM or swap space
#   This process is running with CompressedOops enabled, and the Java Heap may be blocking the growth of the native heap
# Possible solutions:
#   Reduce memory load on the system
#   Increase physical memory or swap space
#   Check if swap backing store is full
#   Decrease Java heap size (-Xmx/-Xms)
#   Decrease number of Java threads
#   Decrease Java thread stack sizes (-Xss)
#   Set larger code cache with -XX:ReservedCodeCacheSize=
#   JVM is running with Unscaled Compressed Oops mode in which the Java heap is
#     placed in the first 4GB address space. The Java Heap base address is the
#     maximum limit for the native heap growth. Please use -XX:HeapBaseMinAddress
#     to set the Java Heap base and to place the Java Heap above 4GB virtual address.
# This output file may be truncated or incomplete.
#
#  Out of Memory Error (arena.cpp:168), pid=23140, tid=21160
#
# JRE version: OpenJDK Runtime Environment Temurin-21.0.8+9 (21.0.8+9) (build 21.0.8+9-LTS)
# Java VM: OpenJDK 64-Bit Server VM Temurin-21.0.8+9 (21.0.8+9-LTS, mixed mode, sharing, tiered, compressed oops, compressed class ptrs, parallel gc, windows-amd64)
# No core dump will be written. Minidumps are not enabled by default on client versions of Windows
#

---------------  S U M M A R Y ------------

Command Line: --add-modules=ALL-SYSTEM --add-opens=java.base/java.util=ALL-UNNAMED --add-opens=java.base/java.lang=ALL-UNNAMED --add-opens=java.base/sun.nio.fs=ALL-UNNAMED -Declipse.application=org.eclipse.jdt.ls.core.id1 -Dosgi.bundles.defaultStartLevel=4 -Declipse.product=org.eclipse.jdt.ls.core.product -Djava.import.generatesMetadataFilesAtProjectRoot=false -DDetectVMInstallationsJob.disabled=true -Dfile.encoding=utf8 -XX:+UseParallelGC -XX:GCTimeRatio=4 -XX:AdaptiveSizePolicyWeight=90 -Dsun.zip.disableMemoryMapping=true -Xmx2G -Xms100m -Xlog:disable -javaagent:c:\Users\Adithya\.vscode\extensions\redhat.java-1.46.0-win32-x64\lombok\lombok-1.18.39-4050.jar -XX:+HeapDumpOnOutOfMemoryError -XX:HeapDumpPath=c:\Users\Adithya\AppData\Roaming\Code\User\workspaceStorage\b0f94125075681ba804e8987c2d9ead6\redhat.java -Daether.dependencyCollector.impl=bf c:\Users\Adithya\.vscode\extensions\redhat.java-1.46.0-win32-x64\server\plugins\org.eclipse.equinox.launcher_1.7.0.v20250519-0528.jar -configuration c:\Users\Adithya\AppData\Roaming\Code\User\globalStorage\redhat.java\1.46.0\config_win -data c:\Users\Adithya\AppData\Roaming\Code\User\workspaceStorage\b0f94125075681ba804e8987c2d9ead6\redhat.java\jdt_ws --pipe=\\.\pipe\lsp-7f2de1f7de5cc17586e3e4a1e48358b6-sock

Host: 11th Gen Intel(R) Core(TM) i5-1135G7 @ 2.40GHz, 8 cores, 15G,  Windows 11 , 64 bit Build 26100 (10.0.26100.6725)
Time: Mon Oct 20 02:30:39 2025 India Standard Time elapsed time: 27.161500 seconds (0d 0h 0m 27s)

---------------  T H R E A D  ---------------

Current thread (0x000001750b7c7850):  JavaThread "C2 CompilerThread1" daemon [_thread_in_native, id=21160, stack(0x0000004d45500000,0x0000004d45600000) (1024K)]


Current CompileTask:
C2:27161 12031   !   4       org.eclipse.osgi.internal.loader.BundleLoader::findRequiredSource (283 bytes)

Stack: [0x0000004d45500000,0x0000004d45600000]
Native frames: (J=compiled Java code, j=interpreted, Vv=VM code, C=native code)
V  [jvm.dll+0x6d2449]
V  [jvm.dll+0x8ae341]
V  [jvm.dll+0x8b08be]
V  [jvm.dll+0x8b0fa3]
V  [jvm.dll+0x280c96]
V  [jvm.dll+0xc581d]
V  [jvm.dll+0xc5d53]
V  [jvm.dll+0x3b9162]
V  [jvm.dll+0x385315]
V  [jvm.dll+0x38477a]
V  [jvm.dll+0x248ed0]
V  [jvm.dll+0x2484af]
V  [jvm.dll+0x1c89ee]
V  [jvm.dll+0x257d4d]
V  [jvm.dll+0x2562ea]
V  [jvm.dll+0x3f2d16]
V  [jvm.dll+0x857e6b]
V  [jvm.dll+0x6d0b0d]
C  [ucrtbase.dll+0x37b0]
C  [KERNEL32.DLL+0x2e8d7]
C  [ntdll.dll+0x8c53c]


---------------  P R O C E S S  ---------------

Threads class SMR info:
_java_thread_list=0x000001750d6573e0, length=69, elements={
0x00000174ab4ac3d0, 0x00000174ab41e620, 0x00000174ab41f430, 0x00000174ab424350,
0x00000174ab4261b0, 0x00000174ab4475b0, 0x00000174ab45dc10, 0x000001750477fc70,
0x0000017504782730, 0x0000017504856fd0, 0x0000017504855c20, 0x00000175048562b0,
0x0000017504854f00, 0x0000017504857660, 0x00000175048541e0, 0x0000017504854870,
0x0000017504855590, 0x0000017509bf1e20, 0x0000017509bf1790, 0x0000017509bf2b40,
0x0000017509bf31d0, 0x0000017509bf4580, 0x0000017509bf4c10, 0x0000017509bf5930,
0x0000017509bf24b0, 0x0000017509bf5fc0, 0x0000017509bf6650, 0x0000017509bf6ce0,
0x0000017509bf3860, 0x0000017509bf7370, 0x0000017509bf8720, 0x0000017509bf7a00,
0x0000017509bf8090, 0x0000017509bf8db0, 0x000001750c06cf20, 0x000001750c06c200,
0x000001750c06e2d0, 0x000001750c06ae50, 0x000001750c06b4e0, 0x000001750c06bb70,
0x000001750d207bc0, 0x000001750d207530, 0x000001750d206ea0, 0x000001750d205af0,
0x000001750d204dd0, 0x000001750d206180, 0x000001750d204740, 0x000001750d208250,
0x000001750d2088e0, 0x000001750d205460, 0x000001750d209c90, 0x000001750d206810,
0x000001750d20a320, 0x000001750d20a9b0, 0x000001750d20b040, 0x000001750d20b6d0,
0x000001750dd0f2a0, 0x000001750dd0f930, 0x000001750dd0def0, 0x000001750dd0e580,
0x000001750dd12db0, 0x000001750dd12720, 0x000001750dd13440, 0x000001750dd12090,
0x000001750dd11370, 0x000001750b7c7850, 0x000001750b7c7f20, 0x000001750dd147f0,
0x000001750dd11a00
}

Java Threads: ( => current thread )
  0x00000174ab4ac3d0 JavaThread "main"                              [_thread_blocked, id=16992, stack(0x0000004d44800000,0x0000004d44900000) (1024K)]
  0x00000174ab41e620 JavaThread "Reference Handler"          daemon [_thread_blocked, id=3240, stack(0x0000004d44c00000,0x0000004d44d00000) (1024K)]
  0x00000174ab41f430 JavaThread "Finalizer"                  daemon [_thread_blocked, id=21612, stack(0x0000004d44d00000,0x0000004d44e00000) (1024K)]
  0x00000174ab424350 JavaThread "Signal Dispatcher"          daemon [_thread_blocked, id=18564, stack(0x0000004d44e00000,0x0000004d44f00000) (1024K)]
  0x00000174ab4261b0 JavaThread "Attach Listener"            daemon [_thread_blocked, id=17488, stack(0x0000004d44f00000,0x0000004d45000000) (1024K)]
  0x00000174ab4475b0 JavaThread "Service Thread"             daemon [_thread_blocked, id=4624, stack(0x0000004d45000000,0x0000004d45100000) (1024K)]
  0x00000174ab45dc10 JavaThread "Monitor Deflation Thread"   daemon [_thread_blocked, id=4676, stack(0x0000004d45100000,0x0000004d45200000) (1024K)]
  0x000001750477fc70 JavaThread "C2 CompilerThread0"         daemon [_thread_in_native, id=17992, stack(0x0000004d45200000,0x0000004d45300000) (1024K)]
  0x0000017504782730 JavaThread "C1 CompilerThread0"         daemon [_thread_blocked, id=6116, stack(0x0000004d45300000,0x0000004d45400000) (1024K)]
  0x0000017504856fd0 JavaThread "Common-Cleaner"             daemon [_thread_blocked, id=18300, stack(0x0000004d45400000,0x0000004d45500000) (1024K)]
  0x0000017504855c20 JavaThread "Notification Thread"        daemon [_thread_blocked, id=10492, stack(0x0000004d45600000,0x0000004d45700000) (1024K)]
  0x00000175048562b0 JavaThread "Active Thread: Equinox Container: 79f765c9-0833-4789-bc59-9d70611f54fb"        [_thread_blocked, id=12704, stack(0x0000004d45e00000,0x0000004d45f00000) (1024K)]
  0x0000017504854f00 JavaThread "Refresh Thread: Equinox Container: 79f765c9-0833-4789-bc59-9d70611f54fb" daemon [_thread_blocked, id=12264, stack(0x0000004d45f00000,0x0000004d46000000) (1024K)]
  0x0000017504857660 JavaThread "Framework Event Dispatcher: Equinox Container: 79f765c9-0833-4789-bc59-9d70611f54fb" daemon [_thread_blocked, id=17436, stack(0x0000004d46100000,0x0000004d46200000) (1024K)]
  0x00000175048541e0 JavaThread "Start Level: Equinox Container: 79f765c9-0833-4789-bc59-9d70611f54fb" daemon [_thread_blocked, id=22592, stack(0x0000004d46200000,0x0000004d46300000) (1024K)]
  0x0000017504854870 JavaThread "Bundle File Closer"         daemon [_thread_blocked, id=19036, stack(0x0000004d46300000,0x0000004d46400000) (1024K)]
  0x0000017504855590 JavaThread "SCR Component Actor"        daemon [_thread_blocked, id=3160, stack(0x0000004d46400000,0x0000004d46500000) (1024K)]
  0x0000017509bf1e20 JavaThread "Worker-JM"                         [_thread_blocked, id=13324, stack(0x0000004d46500000,0x0000004d46600000) (1024K)]
  0x0000017509bf1790 JavaThread "JNA Cleaner"                daemon [_thread_blocked, id=10048, stack(0x0000004d46600000,0x0000004d46700000) (1024K)]
  0x0000017509bf2b40 JavaThread "Worker-0"                          [_thread_blocked, id=19740, stack(0x0000004d46700000,0x0000004d46800000) (1024K)]
  0x0000017509bf31d0 JavaThread "Worker-1"                          [_thread_blocked, id=8416, stack(0x0000004d46800000,0x0000004d46900000) (1024K)]
  0x0000017509bf4580 JavaThread "Worker-2"                          [_thread_blocked, id=18060, stack(0x0000004d46900000,0x0000004d46a00000) (1024K)]
  0x0000017509bf4c10 JavaThread "Java indexing"              daemon [_thread_blocked, id=1852, stack(0x0000004d46a00000,0x0000004d46b00000) (1024K)]
  0x0000017509bf5930 JavaThread "Worker-3"                          [_thread_blocked, id=5720, stack(0x0000004d46b00000,0x0000004d46c00000) (1024K)]
  0x0000017509bf24b0 JavaThread "Thread-1"                   daemon [_thread_in_native, id=21616, stack(0x0000004d46e00000,0x0000004d46f00000) (1024K)]
  0x0000017509bf5fc0 JavaThread "Thread-2"                   daemon [_thread_in_native, id=16320, stack(0x0000004d46f00000,0x0000004d47000000) (1024K)]
  0x0000017509bf6650 JavaThread "Thread-3"                   daemon [_thread_in_native, id=16596, stack(0x0000004d47000000,0x0000004d47100000) (1024K)]
  0x0000017509bf6ce0 JavaThread "Thread-4"                   daemon [_thread_in_native, id=13552, stack(0x0000004d47100000,0x0000004d47200000) (1024K)]
  0x0000017509bf3860 JavaThread "Thread-5"                   daemon [_thread_in_native, id=18808, stack(0x0000004d47200000,0x0000004d47300000) (1024K)]
  0x0000017509bf7370 JavaThread "Thread-6"                   daemon [_thread_in_native, id=15432, stack(0x0000004d47300000,0x0000004d47400000) (1024K)]
  0x0000017509bf8720 JavaThread "Thread-7"                   daemon [_thread_in_native, id=19432, stack(0x0000004d47400000,0x0000004d47500000) (1024K)]
  0x0000017509bf7a00 JavaThread "Thread-8"                   daemon [_thread_in_native, id=22192, stack(0x0000004d47500000,0x0000004d47600000) (1024K)]
  0x0000017509bf8090 JavaThread "Thread-9"                   daemon [_thread_in_native, id=23288, stack(0x0000004d47600000,0x0000004d47700000) (1024K)]
  0x0000017509bf8db0 JavaThread "pool-2-thread-1"                   [_thread_blocked, id=19744, stack(0x0000004d47700000,0x0000004d47800000) (1024K)]
  0x000001750c06cf20 JavaThread "WorkspaceEventsHandler"            [_thread_blocked, id=2928, stack(0x0000004d47800000,0x0000004d47900000) (1024K)]
  0x000001750c06c200 JavaThread "pool-1-thread-1"                   [_thread_blocked, id=9476, stack(0x0000004d47900000,0x0000004d47a00000) (1024K)]
  0x000001750c06e2d0 JavaThread "LocalFile Deleter"          daemon [_thread_blocked, id=19920, stack(0x0000004d47a00000,0x0000004d47b00000) (1024K)]
  0x000001750c06ae50 JavaThread "LocalFile Deleter"          daemon [_thread_blocked, id=12088, stack(0x0000004d47b00000,0x0000004d47c00000) (1024K)]
  0x000001750c06b4e0 JavaThread "LocalFile Deleter"          daemon [_thread_blocked, id=19284, stack(0x0000004d47c00000,0x0000004d47d00000) (1024K)]
  0x000001750c06bb70 JavaThread "LocalFile Deleter"          daemon [_thread_blocked, id=7440, stack(0x0000004d47d00000,0x0000004d47e00000) (1024K)]
  0x000001750d207bc0 JavaThread "LocalFile Deleter"          daemon [_thread_blocked, id=21548, stack(0x0000004d47e00000,0x0000004d47f00000) (1024K)]
  0x000001750d207530 JavaThread "LocalFile Deleter"          daemon [_thread_blocked, id=17240, stack(0x0000004d47f00000,0x0000004d48000000) (1024K)]
  0x000001750d206ea0 JavaThread "LocalFile Deleter"          daemon [_thread_blocked, id=10336, stack(0x0000004d48000000,0x0000004d48100000) (1024K)]
  0x000001750d205af0 JavaThread "LocalFile Deleter"          daemon [_thread_blocked, id=17468, stack(0x0000004d48100000,0x0000004d48200000) (1024K)]
  0x000001750d204dd0 JavaThread "Compiler Source File Reader" daemon [_thread_blocked, id=13360, stack(0x0000004d48200000,0x0000004d48300000) (1024K)]
  0x000001750d206180 JavaThread "Compiler Source File Reader" daemon [_thread_blocked, id=6076, stack(0x0000004d48300000,0x0000004d48400000) (1024K)]
  0x000001750d204740 JavaThread "Compiler Source File Reader" daemon [_thread_blocked, id=11608, stack(0x0000004d48400000,0x0000004d48500000) (1024K)]
  0x000001750d208250 JavaThread "Compiler Source File Reader" daemon [_thread_blocked, id=7548, stack(0x0000004d48500000,0x0000004d48600000) (1024K)]
  0x000001750d2088e0 JavaThread "Compiler Source File Reader" daemon [_thread_blocked, id=14224, stack(0x0000004d48600000,0x0000004d48700000) (1024K)]
  0x000001750d205460 JavaThread "Compiler Source File Reader" daemon [_thread_blocked, id=2020, stack(0x0000004d48700000,0x0000004d48800000) (1024K)]
  0x000001750d209c90 JavaThread "Compiler Processing Task"   daemon [_thread_blocked, id=11672, stack(0x0000004d48800000,0x0000004d48900000) (1024K)]
  0x000001750d206810 JavaThread "Compiler Class File Writer" daemon [_thread_blocked, id=7128, stack(0x0000004d48900000,0x0000004d48a00000) (1024K)]
  0x000001750d20a320 JavaThread "Compiler Class File Writer" daemon [_thread_blocked, id=22880, stack(0x0000004d48a00000,0x0000004d48b00000) (1024K)]
  0x000001750d20a9b0 JavaThread "Compiler Class File Writer" daemon [_thread_blocked, id=19944, stack(0x0000004d48b00000,0x0000004d48c00000) (1024K)]
  0x000001750d20b040 JavaThread "Compiler Class File Writer" daemon [_thread_blocked, id=17824, stack(0x0000004d48c00000,0x0000004d48d00000) (1024K)]
  0x000001750d20b6d0 JavaThread "Compiler Class File Writer" daemon [_thread_blocked, id=5544, stack(0x0000004d48d00000,0x0000004d48e00000) (1024K)]
  0x000001750dd0f2a0 JavaThread "Compiler Class File Writer" daemon [_thread_blocked, id=11896, stack(0x0000004d48e00000,0x0000004d48f00000) (1024K)]
  0x000001750dd0f930 JavaThread "ForkJoinPool.commonPool-worker-1" daemon [_thread_blocked, id=17904, stack(0x0000004d48f00000,0x0000004d49000000) (1024K)]
  0x000001750dd0def0 JavaThread "ForkJoinPool.commonPool-worker-2" daemon [_thread_blocked, id=19140, stack(0x0000004d49000000,0x0000004d49100000) (1024K)]
  0x000001750dd0e580 JavaThread "ForkJoinPool.commonPool-worker-3" daemon [_thread_in_vm, id=20136, stack(0x0000004d49100000,0x0000004d49200000) (1024K)]
  0x000001750dd12db0 JavaThread "ForkJoinPool.commonPool-worker-4" daemon [_thread_blocked, id=16176, stack(0x0000004d49200000,0x0000004d49300000) (1024K)]
  0x000001750dd12720 JavaThread "Worker-4"                          [_thread_blocked, id=17684, stack(0x0000004d49300000,0x0000004d49400000) (1024K)]
  0x000001750dd13440 JavaThread "ForkJoinPool.commonPool-worker-5" daemon [_thread_blocked, id=9736, stack(0x0000004d49400000,0x0000004d49500000) (1024K)]
  0x000001750dd12090 JavaThread "Worker-5"                          [_thread_blocked, id=23244, stack(0x0000004d49500000,0x0000004d49600000) (1024K)]
  0x000001750dd11370 JavaThread "ForkJoinPool.commonPool-worker-6" daemon [_thread_blocked, id=20964, stack(0x0000004d49600000,0x0000004d49700000) (1024K)]
=>0x000001750b7c7850 JavaThread "C2 CompilerThread1"         daemon [_thread_in_native, id=21160, stack(0x0000004d45500000,0x0000004d45600000) (1024K)]
  0x000001750b7c7f20 JavaThread "C2 CompilerThread2"         daemon [_thread_in_native, id=20156, stack(0x0000004d45700000,0x0000004d45800000) (1024K)]
  0x000001750dd147f0 JavaThread "ForkJoinPool.commonPool-worker-7" daemon [_thread_in_vm, id=16712, stack(0x0000004d49700000,0x0000004d49800000) (1024K)]
  0x000001750dd11a00 JavaThread "Cleaner-0"                  daemon [_thread_blocked, id=4680, stack(0x0000004d49800000,0x0000004d49900000) (1024K)]
Total: 69

Other Threads:
  0x00000174ab401470 VMThread "VM Thread"                           [id=10080, stack(0x0000004d44b00000,0x0000004d44c00000) (1024K)]
  0x00000174ab518600 WatcherThread "VM Periodic Task Thread"        [id=22404, stack(0x0000004d44a00000,0x0000004d44b00000) (1024K)]
  0x00000174ab4ca950 WorkerThread "GC Thread#0"                     [id=8992, stack(0x0000004d44900000,0x0000004d44a00000) (1024K)]
  0x00000175092e4080 WorkerThread "GC Thread#1"                     [id=17708, stack(0x0000004d45800000,0x0000004d45900000) (1024K)]
  0x0000017509b23750 WorkerThread "GC Thread#2"                     [id=8760, stack(0x0000004d45900000,0x0000004d45a00000) (1024K)]
  0x0000017509b23af0 WorkerThread "GC Thread#3"                     [id=11888, stack(0x0000004d45a00000,0x0000004d45b00000) (1024K)]
  0x000001750917ceb0 WorkerThread "GC Thread#4"                     [id=22548, stack(0x0000004d45b00000,0x0000004d45c00000) (1024K)]
  0x000001750917d250 WorkerThread "GC Thread#5"                     [id=2604, stack(0x0000004d45c00000,0x0000004d45d00000) (1024K)]
  0x0000017509446be0 WorkerThread "GC Thread#6"                     [id=22776, stack(0x0000004d45d00000,0x0000004d45e00000) (1024K)]
  0x00000175094459c0 WorkerThread "GC Thread#7"                     [id=11548, stack(0x0000004d46000000,0x0000004d46100000) (1024K)]
Total: 10

Threads with active compile tasks:
C2 CompilerThread0  27176 12129       4       java.util.TimSort::sort (229 bytes)
C1 CompilerThread0  27176 12166   !   2       org.codehaus.plexus.DefaultPlexusContainer::lookup (59 bytes)
C2 CompilerThread1  27176 12031   !   4       org.eclipse.osgi.internal.loader.BundleLoader::findRequiredSource (283 bytes)
C2 CompilerThread2  27176 11988 %     4       java.util.Properties::load0 @ 29 (249 bytes)
Total: 4

VM state: not at safepoint (normal execution)

VM Mutex/Monitor currently owned by a thread: None

Heap address: 0x0000000080000000, size: 2048 MB, Compressed Oops mode: 32-bit

CDS archive(s) mapped at: [0x00000174c2000000-0x00000174c2ba0000-0x00000174c2ba0000), size 12189696, SharedBaseAddress: 0x00000174c2000000, ArchiveRelocationMode: 1.
Compressed class space mapped at: 0x00000174c3000000-0x0000017503000000, reserved size: 1073741824
Narrow klass base: 0x00000174c2000000, Narrow klass shift: 0, Narrow klass range: 0x100000000

GC Precious Log:
 CardTable entry size: 512
 CPUs: 8 total, 8 available
 Memory: 16026M
 Large Page Support: Disabled
 NUMA Support: Disabled
 Compressed Oops: Enabled (32-bit)
 Alignments: Space 512K, Generation 512K, Heap 2M
 Heap Min Capacity: 100M
 Heap Initial Capacity: 100M
 Heap Max Capacity: 2G
 Pre-touch: Disabled
 Parallel Workers: 8

Heap:
 PSYoungGen      total 3072K, used 2223K [0x00000000d5580000, 0x00000000d5a00000, 0x0000000100000000)
  eden space 2560K, 66% used [0x00000000d5580000,0x00000000d572bfe0,0x00000000d5800000)
  from space 512K, 100% used [0x00000000d5900000,0x00000000d5980000,0x00000000d5980000)
  to   space 512K, 0% used [0x00000000d5980000,0x00000000d5980000,0x00000000d5a00000)
 ParOldGen       total 595456K, used 595215K [0x0000000080000000, 0x00000000a4580000, 0x00000000d5580000)
  object space 595456K, 99% used [0x0000000080000000,0x00000000a4543ef0,0x00000000a4580000)
 Metaspace       used 66332K, committed 67968K, reserved 1114112K
  class space    used 7018K, committed 7744K, reserved 1048576K

Card table byte_map: [0x00000174aae50000,0x00000174ab260000] _byte_map_base: 0x00000174aaa50000

Marking Bits: (ParMarkBitMap*) 0x00007ff84e1fa340
 Begin Bits: [0x00000174bd950000, 0x00000174bf950000)
 End Bits:   [0x00000174bf950000, 0x00000174c1950000)

Polling page: 0x00000174a92b0000

Metaspace:

Usage:
  Non-class:     57.92 MB used.
      Class:      6.85 MB used.
       Both:     64.78 MB used.

Virtual space:
  Non-class space:       64.00 MB reserved,      58.81 MB ( 92%) committed,  1 nodes.
      Class space:        1.00 GB reserved,       7.56 MB ( <1%) committed,  1 nodes.
             Both:        1.06 GB reserved,      66.38 MB (  6%) committed. 

Chunk freelists:
   Non-Class:  5.20 MB
       Class:  8.42 MB
        Both:  13.62 MB

MaxMetaspaceSize: unlimited
CompressedClassSpaceSize: 1.00 GB
Initial GC threshold: 21.00 MB
Current GC threshold: 97.31 MB
CDS: on
 - commit_granule_bytes: 65536.
 - commit_granule_words: 8192.
 - virtual_space_node_default_size: 8388608.
 - enlarge_chunks_in_place: 1.
 - use_allocation_guard: 0.


Internal statistics:

num_allocs_failed_limit: 9.
num_arena_births: 1238.
num_arena_deaths: 18.
num_vsnodes_births: 2.
num_vsnodes_deaths: 0.
num_space_committed: 1062.
num_space_uncommitted: 0.
num_chunks_returned_to_freelist: 29.
num_chunks_taken_from_freelist: 4445.
num_chunk_merges: 17.
num_chunk_splits: 2713.
num_chunks_enlarged: 1474.
num_inconsistent_stats: 0.

CodeHeap 'non-profiled nmethods': size=120000Kb used=8340Kb max_used=8340Kb free=111659Kb
 bounds [0x00000174b6170000, 0x00000174b69a0000, 0x00000174bd6a0000]
CodeHeap 'profiled nmethods': size=120000Kb used=24326Kb max_used=24326Kb free=95673Kb
 bounds [0x00000174ae6a0000, 0x00000174afe70000, 0x00000174b5bd0000]
CodeHeap 'non-nmethods': size=5760Kb used=1463Kb max_used=1533Kb free=4296Kb
 bounds [0x00000174b5bd0000, 0x00000174b5e40000, 0x00000174b6170000]
CodeCache: size=245760Kb, used=34129Kb, max_used=34199Kb, free=211628Kb
 total_blobs=12189, nmethods=11417, adapters=678, full_count=0
Compilation: enabled, stopped_count=0, restarted_count=0

Compilation events (20 events):
Event: 25.142 Thread 0x0000017504782730 nmethod 12147 0x00000174afe59790 code [0x00000174afe59940, 0x00000174afe59a98]
Event: 25.142 Thread 0x0000017504782730 12148       3       org.eclipse.jdt.internal.compiler.lookup.BinaryTypeBinding$1::createBinding (31 bytes)
Event: 25.142 Thread 0x0000017504782730 nmethod 12148 0x00000174afe59b90 code [0x00000174afe59d80, 0x00000174afe5a1d0]
Event: 25.142 Thread 0x0000017504782730 12150       2       org.eclipse.jdt.internal.compiler.env.ITypeAnnotationWalker$1::toThrows (2 bytes)
Event: 25.142 Thread 0x0000017504782730 nmethod 12150 0x00000174afe5a390 code [0x00000174afe5a520, 0x00000174afe5a628]
Event: 25.142 Thread 0x0000017504782730 12151       2       org.eclipse.jdt.core.dom.ASTNode::setFlags (28 bytes)
Event: 25.142 Thread 0x0000017504782730 nmethod 12151 0x00000174afe5a690 code [0x00000174afe5a840, 0x00000174afe5a9b8]
Event: 25.142 Thread 0x0000017504782730 12153   !   2       org.eclipse.jdt.core.dom.AST::disableEvents (24 bytes)
Event: 25.142 Thread 0x0000017504782730 nmethod 12153 0x00000174afe5ab10 code [0x00000174afe5acc0, 0x00000174afe5aee0]
Event: 25.142 Thread 0x0000017504782730 12154   !   2       org.eclipse.jdt.core.dom.AST::reenableEvents (24 bytes)
Event: 25.142 Thread 0x0000017504782730 nmethod 12154 0x00000174afe5b010 code [0x00000174afe5b1c0, 0x00000174afe5b3e0]
Event: 25.142 Thread 0x0000017504782730 12155       2       org.eclipse.jdt.core.dom.ASTNode::hashCode (5 bytes)
Event: 25.142 Thread 0x0000017504782730 nmethod 12155 0x00000174afe5b510 code [0x00000174afe5b6c0, 0x00000174afe5b7e8]
Event: 25.142 Thread 0x0000017504782730 12156       1       org.eclipse.jdt.core.dom.SimpleName::getNodeType0 (3 bytes)
Event: 25.142 Thread 0x0000017504782730 nmethod 12156 0x00000174b6994d90 code [0x00000174b6994f20, 0x00000174b6994fe8]
Event: 25.143 Thread 0x0000017504782730 12157       2       lombok.core.FieldAugment::checkNotNull (15 bytes)
Event: 25.143 Thread 0x0000017504782730 nmethod 12157 0x00000174afe5b890 code [0x00000174afe5ba40, 0x00000174afe5bbe0]
Event: 25.143 Thread 0x0000017504782730 12160       2       lombok.core.FieldAugment::access$1 (6 bytes)
Event: 25.143 Thread 0x0000017504782730 nmethod 12160 0x00000174afe5bc90 code [0x00000174afe5be40, 0x00000174afe5bfe0]
Event: 26.145 Thread 0x0000017504782730 12159   !   2       lombok.core.FieldAugment$ReflectionFieldAugment::get (61 bytes)

GC Heap History (20 events):
Event: 24.976 GC heap after
{Heap after GC invocations=836 (full 3):
 PSYoungGen      total 3584K, used 1533K [0x00000000d5580000, 0x00000000d5e00000, 0x0000000100000000)
  eden space 2048K, 0% used [0x00000000d5580000,0x00000000d5580000,0x00000000d5780000)
  from space 1536K, 99% used [0x00000000d5780000,0x00000000d58ff488,0x00000000d5900000)
  to   space 3072K, 0% used [0x00000000d5b00000,0x00000000d5b00000,0x00000000d5e00000)
 ParOldGen       total 590848K, used 590477K [0x0000000080000000, 0x00000000a4100000, 0x00000000d5580000)
  object space 590848K, 99% used [0x0000000080000000,0x00000000a40a3460,0x00000000a4100000)
 Metaspace       used 65597K, committed 67200K, reserved 1114112K
  class space    used 6964K, committed 7680K, reserved 1048576K
}
Event: 24.983 GC heap before
{Heap before GC invocations=837 (full 3):
 PSYoungGen      total 3584K, used 3581K [0x00000000d5580000, 0x00000000d5e00000, 0x0000000100000000)
  eden space 2048K, 99% used [0x00000000d5580000,0x00000000d577ffd8,0x00000000d5780000)
  from space 1536K, 99% used [0x00000000d5780000,0x00000000d58ff488,0x00000000d5900000)
  to   space 3072K, 0% used [0x00000000d5b00000,0x00000000d5b00000,0x00000000d5e00000)
 ParOldGen       total 590848K, used 590477K [0x0000000080000000, 0x00000000a4100000, 0x00000000d5580000)
  object space 590848K, 99% used [0x0000000080000000,0x00000000a40a3460,0x00000000a4100000)
 Metaspace       used 65668K, committed 67264K, reserved 1114112K
  class space    used 6968K, committed 7680K, reserved 1048576K
}
Event: 24.985 GC heap after
{Heap after GC invocations=837 (full 3):
 PSYoungGen      total 3584K, used 1431K [0x00000000d5580000, 0x00000000d5c80000, 0x0000000100000000)
  eden space 2048K, 0% used [0x00000000d5580000,0x00000000d5580000,0x00000000d5780000)
  from space 1536K, 93% used [0x00000000d5b00000,0x00000000d5c65e08,0x00000000d5c80000)
  to   space 2048K, 0% used [0x00000000d5880000,0x00000000d5880000,0x00000000d5a80000)
 ParOldGen       total 592384K, used 591975K [0x0000000080000000, 0x00000000a4280000, 0x00000000d5580000)
  object space 592384K, 99% used [0x0000000080000000,0x00000000a4219cd8,0x00000000a4280000)
 Metaspace       used 65668K, committed 67264K, reserved 1114112K
  class space    used 6968K, committed 7680K, reserved 1048576K
}
Event: 24.993 GC heap before
{Heap before GC invocations=838 (full 3):
 PSYoungGen      total 3584K, used 3479K [0x00000000d5580000, 0x00000000d5c80000, 0x0000000100000000)
  eden space 2048K, 100% used [0x00000000d5580000,0x00000000d5780000,0x00000000d5780000)
  from space 1536K, 93% used [0x00000000d5b00000,0x00000000d5c65e08,0x00000000d5c80000)
  to   space 2048K, 0% used [0x00000000d5880000,0x00000000d5880000,0x00000000d5a80000)
 ParOldGen       total 592384K, used 591975K [0x0000000080000000, 0x00000000a4280000, 0x00000000d5580000)
  object space 592384K, 99% used [0x0000000080000000,0x00000000a4219cd8,0x00000000a4280000)
 Metaspace       used 65700K, committed 67264K, reserved 1114112K
  class space    used 6972K, committed 7680K, reserved 1048576K
}
Event: 24.994 GC heap after
{Heap after GC invocations=838 (full 3):
 PSYoungGen      total 3072K, used 731K [0x00000000d5580000, 0x00000000d5b80000, 0x0000000100000000)
  eden space 2048K, 0% used [0x00000000d5580000,0x00000000d5580000,0x00000000d5780000)
  from space 1024K, 71% used [0x00000000d5880000,0x00000000d5936e78,0x00000000d5980000)
  to   space 1536K, 0% used [0x00000000d5a00000,0x00000000d5a00000,0x00000000d5b80000)
 ParOldGen       total 593408K, used 593205K [0x0000000080000000, 0x00000000a4380000, 0x00000000d5580000)
  object space 593408K, 99% used [0x0000000080000000,0x00000000a434d550,0x00000000a4380000)
 Metaspace       used 65700K, committed 67264K, reserved 1114112K
  class space    used 6972K, committed 7680K, reserved 1048576K
}
Event: 25.000 GC heap before
{Heap before GC invocations=839 (full 3):
 PSYoungGen      total 3072K, used 2730K [0x00000000d5580000, 0x00000000d5b80000, 0x0000000100000000)
  eden space 2048K, 97% used [0x00000000d5580000,0x00000000d57739d0,0x00000000d5780000)
  from space 1024K, 71% used [0x00000000d5880000,0x00000000d5936e78,0x00000000d5980000)
  to   space 1536K, 0% used [0x00000000d5a00000,0x00000000d5a00000,0x00000000d5b80000)
 ParOldGen       total 593408K, used 593205K [0x0000000080000000, 0x00000000a4380000, 0x00000000d5580000)
  object space 593408K, 99% used [0x0000000080000000,0x00000000a434d550,0x00000000a4380000)
 Metaspace       used 65763K, committed 67328K, reserved 1114112K
  class space    used 6972K, committed 7680K, reserved 1048576K
}
Event: 25.001 GC heap after
{Heap after GC invocations=839 (full 3):
 PSYoungGen      total 2560K, used 380K [0x00000000d5580000, 0x00000000d5a80000, 0x0000000100000000)
  eden space 2048K, 0% used [0x00000000d5580000,0x00000000d5580000,0x00000000d5780000)
  from space 512K, 74% used [0x00000000d5a00000,0x00000000d5a5f1b0,0x00000000d5a80000)
  to   space 1024K, 0% used [0x00000000d5880000,0x00000000d5880000,0x00000000d5980000)
 ParOldGen       total 593920K, used 593424K [0x0000000080000000, 0x00000000a4400000, 0x00000000d5580000)
  object space 593920K, 99% used [0x0000000080000000,0x00000000a4384330,0x00000000a4400000)
 Metaspace       used 65763K, committed 67328K, reserved 1114112K
  class space    used 6972K, committed 7680K, reserved 1048576K
}
Event: 25.006 GC heap before
{Heap before GC invocations=840 (full 3):
 PSYoungGen      total 2560K, used 2425K [0x00000000d5580000, 0x00000000d5a80000, 0x0000000100000000)
  eden space 2048K, 99% used [0x00000000d5580000,0x00000000d577f5e0,0x00000000d5780000)
  from space 512K, 74% used [0x00000000d5a00000,0x00000000d5a5f1b0,0x00000000d5a80000)
  to   space 1024K, 0% used [0x00000000d5880000,0x00000000d5880000,0x00000000d5980000)
 ParOldGen       total 593920K, used 593424K [0x0000000080000000, 0x00000000a4400000, 0x00000000d5580000)
  object space 593920K, 99% used [0x0000000080000000,0x00000000a4384330,0x00000000a4400000)
 Metaspace       used 65871K, committed 67456K, reserved 1114112K
  class space    used 6983K, committed 7680K, reserved 1048576K
}
Event: 25.007 GC heap after
{Heap after GC invocations=840 (full 3):
 PSYoungGen      total 3072K, used 192K [0x00000000d5580000, 0x00000000d5a80000, 0x0000000100000000)
  eden space 2048K, 0% used [0x00000000d5580000,0x00000000d5580000,0x00000000d5780000)
  from space 1024K, 18% used [0x00000000d5880000,0x00000000d58b0000,0x00000000d5980000)
  to   space 512K, 0% used [0x00000000d5a00000,0x00000000d5a00000,0x00000000d5a80000)
 ParOldGen       total 593920K, used 593528K [0x0000000080000000, 0x00000000a4400000, 0x00000000d5580000)
  object space 593920K, 99% used [0x0000000080000000,0x00000000a439e350,0x00000000a4400000)
 Metaspace       used 65871K, committed 67456K, reserved 1114112K
  class space    used 6983K, committed 7680K, reserved 1048576K
}
Event: 25.037 GC heap before
{Heap before GC invocations=841 (full 3):
 PSYoungGen      total 3072K, used 2240K [0x00000000d5580000, 0x00000000d5a80000, 0x0000000100000000)
  eden space 2048K, 100% used [0x00000000d5580000,0x00000000d5780000,0x00000000d5780000)
  from space 1024K, 18% used [0x00000000d5880000,0x00000000d58b0000,0x00000000d5980000)
  to   space 512K, 0% used [0x00000000d5a00000,0x00000000d5a00000,0x00000000d5a80000)
 ParOldGen       total 593920K, used 593528K [0x0000000080000000, 0x00000000a4400000, 0x00000000d5580000)
  object space 593920K, 99% used [0x0000000080000000,0x00000000a439e350,0x00000000a4400000)
 Metaspace       used 65979K, committed 67520K, reserved 1114112K
  class space    used 6993K, committed 7680K, reserved 1048576K
}
Event: 25.038 GC heap after
{Heap after GC invocations=841 (full 3):
 PSYoungGen      total 2560K, used 352K [0x00000000d5580000, 0x00000000d5a80000, 0x0000000100000000)
  eden space 2048K, 0% used [0x00000000d5580000,0x00000000d5580000,0x00000000d5780000)
  from space 512K, 68% used [0x00000000d5a00000,0x00000000d5a58280,0x00000000d5a80000)
  to   space 512K, 0% used [0x00000000d5980000,0x00000000d5980000,0x00000000d5a00000)
 ParOldGen       total 593920K, used 593576K [0x0000000080000000, 0x00000000a4400000, 0x00000000d5580000)
  object space 593920K, 99% used [0x0000000080000000,0x00000000a43aa350,0x00000000a4400000)
 Metaspace       used 65979K, committed 67520K, reserved 1114112K
  class space    used 6993K, committed 7680K, reserved 1048576K
}
Event: 25.052 GC heap before
{Heap before GC invocations=842 (full 3):
 PSYoungGen      total 2560K, used 2400K [0x00000000d5580000, 0x00000000d5a80000, 0x0000000100000000)
  eden space 2048K, 100% used [0x00000000d5580000,0x00000000d5780000,0x00000000d5780000)
  from space 512K, 68% used [0x00000000d5a00000,0x00000000d5a58280,0x00000000d5a80000)
  to   space 512K, 0% used [0x00000000d5980000,0x00000000d5980000,0x00000000d5a00000)
 ParOldGen       total 593920K, used 593576K [0x0000000080000000, 0x00000000a4400000, 0x00000000d5580000)
  object space 593920K, 99% used [0x0000000080000000,0x00000000a43aa368,0x00000000a4400000)
 Metaspace       used 65980K, committed 67520K, reserved 1114112K
  class space    used 6993K, committed 7680K, reserved 1048576K
}
Event: 25.054 GC heap after
{Heap after GC invocations=842 (full 3):
 PSYoungGen      total 2560K, used 512K [0x00000000d5580000, 0x00000000d5a80000, 0x0000000100000000)
  eden space 2048K, 0% used [0x00000000d5580000,0x00000000d5580000,0x00000000d5780000)
  from space 512K, 100% used [0x00000000d5980000,0x00000000d5a00000,0x00000000d5a00000)
  to   space 512K, 0% used [0x00000000d5a00000,0x00000000d5a00000,0x00000000d5a80000)
 ParOldGen       total 593920K, used 593640K [0x0000000080000000, 0x00000000a4400000, 0x00000000d5580000)
  object space 593920K, 99% used [0x0000000080000000,0x00000000a43ba368,0x00000000a4400000)
 Metaspace       used 65980K, committed 67520K, reserved 1114112K
  class space    used 6993K, committed 7680K, reserved 1048576K
}
Event: 25.074 GC heap before
{Heap before GC invocations=843 (full 3):
 PSYoungGen      total 2560K, used 2560K [0x00000000d5580000, 0x00000000d5a80000, 0x0000000100000000)
  eden space 2048K, 100% used [0x00000000d5580000,0x00000000d5780000,0x00000000d5780000)
  from space 512K, 100% used [0x00000000d5980000,0x00000000d5a00000,0x00000000d5a00000)
  to   space 512K, 0% used [0x00000000d5a00000,0x00000000d5a00000,0x00000000d5a80000)
 ParOldGen       total 593920K, used 593643K [0x0000000080000000, 0x00000000a4400000, 0x00000000d5580000)
  object space 593920K, 99% used [0x0000000080000000,0x00000000a43bac90,0x00000000a4400000)
 Metaspace       used 65980K, committed 67520K, reserved 1114112K
  class space    used 6993K, committed 7680K, reserved 1048576K
}
Event: 25.075 GC heap after
{Heap after GC invocations=843 (full 3):
 PSYoungGen      total 2560K, used 512K [0x00000000d5580000, 0x00000000d5a80000, 0x0000000100000000)
  eden space 2048K, 0% used [0x00000000d5580000,0x00000000d5580000,0x00000000d5780000)
  from space 512K, 100% used [0x00000000d5a00000,0x00000000d5a80000,0x00000000d5a80000)
  to   space 1536K, 0% used [0x00000000d5780000,0x00000000d5780000,0x00000000d5900000)
 ParOldGen       total 594432K, used 594139K [0x0000000080000000, 0x00000000a4480000, 0x00000000d5580000)
  object space 594432K, 99% used [0x0000000080000000,0x00000000a4436cb0,0x00000000a4480000)
 Metaspace       used 65980K, committed 67520K, reserved 1114112K
  class space    used 6993K, committed 7680K, reserved 1048576K
}
Event: 25.105 GC heap before
{Heap before GC invocations=844 (full 3):
 PSYoungGen      total 2560K, used 2560K [0x00000000d5580000, 0x00000000d5a80000, 0x0000000100000000)
  eden space 2048K, 100% used [0x00000000d5580000,0x00000000d5780000,0x00000000d5780000)
  from space 512K, 100% used [0x00000000d5a00000,0x00000000d5a80000,0x00000000d5a80000)
  to   space 1536K, 0% used [0x00000000d5780000,0x00000000d5780000,0x00000000d5900000)
 ParOldGen       total 594432K, used 594139K [0x0000000080000000, 0x00000000a4480000, 0x00000000d5580000)
  object space 594432K, 99% used [0x0000000080000000,0x00000000a4436cb0,0x00000000a4480000)
 Metaspace       used 66090K, committed 67648K, reserved 1114112K
  class space    used 6999K, committed 7680K, reserved 1048576K
}
Event: 25.107 GC heap after
{Heap after GC invocations=844 (full 3):
 PSYoungGen      total 3584K, used 664K [0x00000000d5580000, 0x00000000d5a80000, 0x0000000100000000)
  eden space 2048K, 0% used [0x00000000d5580000,0x00000000d5580000,0x00000000d5780000)
  from space 1536K, 43% used [0x00000000d5780000,0x00000000d5826120,0x00000000d5900000)
  to   space 1024K, 0% used [0x00000000d5980000,0x00000000d5980000,0x00000000d5a80000)
 ParOldGen       total 594944K, used 594563K [0x0000000080000000, 0x00000000a4500000, 0x00000000d5580000)
  object space 594944K, 99% used [0x0000000080000000,0x00000000a44a0cc0,0x00000000a4500000)
 Metaspace       used 66090K, committed 67648K, reserved 1114112K
  class space    used 6999K, committed 7680K, reserved 1048576K
}
Event: 25.114 GC heap before
{Heap before GC invocations=845 (full 3):
 PSYoungGen      total 3584K, used 2712K [0x00000000d5580000, 0x00000000d5a80000, 0x0000000100000000)
  eden space 2048K, 100% used [0x00000000d5580000,0x00000000d5780000,0x00000000d5780000)
  from space 1536K, 43% used [0x00000000d5780000,0x00000000d5826120,0x00000000d5900000)
  to   space 1024K, 0% used [0x00000000d5980000,0x00000000d5980000,0x00000000d5a80000)
 ParOldGen       total 594944K, used 594563K [0x0000000080000000, 0x00000000a4500000, 0x00000000d5580000)
  object space 594944K, 99% used [0x0000000080000000,0x00000000a44a0cc0,0x00000000a4500000)
 Metaspace       used 66122K, committed 67712K, reserved 1114112K
  class space    used 7002K, committed 7680K, reserved 1048576K
}
Event: 25.116 GC heap after
{Heap after GC invocations=845 (full 3):
 PSYoungGen      total 2560K, used 388K [0x00000000d5580000, 0x00000000d5a00000, 0x0000000100000000)
  eden space 2048K, 0% used [0x00000000d5580000,0x00000000d5580000,0x00000000d5780000)
  from space 512K, 75% used [0x00000000d5980000,0x00000000d59e1230,0x00000000d5a00000)
  to   space 512K, 0% used [0x00000000d5900000,0x00000000d5900000,0x00000000d5980000)
 ParOldGen       total 594944K, used 594891K [0x0000000080000000, 0x00000000a4500000, 0x00000000d5580000)
  object space 594944K, 99% used [0x0000000080000000,0x00000000a44f2cc0,0x00000000a4500000)
 Metaspace       used 66122K, committed 67712K, reserved 1114112K
  class space    used 7002K, committed 7680K, reserved 1048576K
}
Event: 26.161 GC heap before
{Heap before GC invocations=846 (full 3):
 PSYoungGen      total 2560K, used 2436K [0x00000000d5580000, 0x00000000d5a00000, 0x0000000100000000)
  eden space 2048K, 100% used [0x00000000d5580000,0x00000000d5780000,0x00000000d5780000)
  from space 512K, 75% used [0x00000000d5980000,0x00000000d59e1230,0x00000000d5a00000)
  to   space 512K, 0% used [0x00000000d5900000,0x00000000d5900000,0x00000000d5980000)
 ParOldGen       total 594944K, used 594891K [0x0000000080000000, 0x00000000a4500000, 0x00000000d5580000)
  object space 594944K, 99% used [0x0000000080000000,0x00000000a44f2cc0,0x00000000a4500000)
 Metaspace       used 66174K, committed 67840K, reserved 1114112K
  class space    used 7003K, committed 7744K, reserved 1048576K
}

Dll operation events (10 events):
Event: 0.010 Loaded shared library c:\Users\Adithya\.vscode\extensions\redhat.java-1.46.0-win32-x64\jre\21.0.8-win32-x86_64\bin\java.dll
Event: 0.066 Loaded shared library c:\Users\Adithya\.vscode\extensions\redhat.java-1.46.0-win32-x64\jre\21.0.8-win32-x86_64\bin\zip.dll
Event: 0.078 Loaded shared library C:\Users\Adithya\.vscode\extensions\redhat.java-1.46.0-win32-x64\jre\21.0.8-win32-x86_64\bin\instrument.dll
Event: 0.081 Loaded shared library C:\Users\Adithya\.vscode\extensions\redhat.java-1.46.0-win32-x64\jre\21.0.8-win32-x86_64\bin\net.dll
Event: 0.083 Loaded shared library C:\Users\Adithya\.vscode\extensions\redhat.java-1.46.0-win32-x64\jre\21.0.8-win32-x86_64\bin\nio.dll
Event: 0.085 Loaded shared library C:\Users\Adithya\.vscode\extensions\redhat.java-1.46.0-win32-x64\jre\21.0.8-win32-x86_64\bin\zip.dll
Event: 0.095 Loaded shared library C:\Users\Adithya\.vscode\extensions\redhat.java-1.46.0-win32-x64\jre\21.0.8-win32-x86_64\bin\jimage.dll
Event: 0.136 Loaded shared library c:\Users\Adithya\.vscode\extensions\redhat.java-1.46.0-win32-x64\jre\21.0.8-win32-x86_64\bin\verify.dll
Event: 0.815 Loaded shared library C:\Users\Adithya\AppData\Roaming\Code\User\globalStorage\redhat.java\1.46.0\config_win\org.eclipse.equinox.launcher\org.eclipse.equinox.launcher.win32.win32.x86_64_1.2.1400.v20250801-0854\eclipse_11916.dll
Event: 1.841 Loaded shared library C:\Users\Adithya\AppData\Local\Temp\jna-78836934\jna4016059714815037056.dll

Deoptimization events (20 events):
Event: 24.986 Thread 0x000001750dd0e580 DEOPT PACKING pc=0x00000174b62eb524 sp=0x0000004d491fa780
Event: 24.986 Thread 0x000001750dd0e580 DEOPT UNPACKING pc=0x00000174b5c26da2 sp=0x0000004d491fa450 mode 2
Event: 24.995 Thread 0x000001750dd0e580 DEOPT PACKING pc=0x00000174aee88933 sp=0x0000004d491fc8b0
Event: 24.995 Thread 0x000001750dd0e580 DEOPT UNPACKING pc=0x00000174b5c278e2 sp=0x0000004d491fbde0 mode 0
Event: 24.997 Thread 0x000001750dd0e580 Uncommon trap: trap_request=0xffffff45 fr.pc=0x00000174b66d37a4 relative=0x00000000000010a4
Event: 24.997 Thread 0x000001750dd0e580 Uncommon trap: reason=unstable_if action=reinterpret pc=0x00000174b66d37a4 method=org.lombokweb.asm.MethodWriter.putMethodInfo(Lorg/lombokweb/asm/ByteVector;)V @ 136 c2
Event: 24.997 Thread 0x000001750dd0e580 DEOPT PACKING pc=0x00000174b66d37a4 sp=0x0000004d491fc970
Event: 24.997 Thread 0x000001750dd0e580 DEOPT UNPACKING pc=0x00000174b5c26da2 sp=0x0000004d491fc918 mode 2
Event: 25.005 Thread 0x000001750dd147f0 DEOPT PACKING pc=0x00000174aed6677b sp=0x0000004d497fd660
Event: 25.005 Thread 0x000001750dd147f0 DEOPT UNPACKING pc=0x00000174b5c278e2 sp=0x0000004d497fcad0 mode 0
Event: 25.009 Thread 0x000001750dd147f0 DEOPT PACKING pc=0x00000174aed6677b sp=0x0000004d497fd660
Event: 25.009 Thread 0x000001750dd147f0 DEOPT UNPACKING pc=0x00000174b5c278e2 sp=0x0000004d497fcad0 mode 0
Event: 25.123 Thread 0x000001750dd0e580 Uncommon trap: trap_request=0xffffffd6 fr.pc=0x00000174b6803ebc relative=0x000000000000045c
Event: 25.123 Thread 0x000001750dd0e580 Uncommon trap: reason=array_check action=maybe_recompile pc=0x00000174b6803ebc method=java.util.TimSort.binarySort([Ljava/lang/Object;IIILjava/util/Comparator;)V @ 215 c2
Event: 25.123 Thread 0x000001750dd0e580 DEOPT PACKING pc=0x00000174b6803ebc sp=0x0000004d491fde30
Event: 25.123 Thread 0x000001750dd0e580 DEOPT UNPACKING pc=0x00000174b5c26da2 sp=0x0000004d491fddf0 mode 2
Event: 25.127 Thread 0x000001750dd0e580 Uncommon trap: trap_request=0xffffffd6 fr.pc=0x00000174b6803ebc relative=0x000000000000045c
Event: 25.127 Thread 0x000001750dd0e580 Uncommon trap: reason=array_check action=maybe_recompile pc=0x00000174b6803ebc method=java.util.TimSort.binarySort([Ljava/lang/Object;IIILjava/util/Comparator;)V @ 215 c2
Event: 25.127 Thread 0x000001750dd0e580 DEOPT PACKING pc=0x00000174b6803ebc sp=0x0000004d491fd880
Event: 25.127 Thread 0x000001750dd0e580 DEOPT UNPACKING pc=0x00000174b5c26da2 sp=0x0000004d491fd840 mode 2

Classes loaded (20 events):
Event: 8.499 Loading class java/util/Hashtable$KeySet
Event: 8.499 Loading class java/util/Hashtable$KeySet done
Event: 8.629 Loading class java/lang/invoke/MethodHandleImpl$CountingWrapper$1
Event: 8.629 Loading class java/lang/invoke/MethodHandleImpl$CountingWrapper$1 done
Event: 8.868 Loading class java/lang/UnsupportedClassVersionError
Event: 8.868 Loading class java/lang/UnsupportedClassVersionError done
Event: 9.598 Loading class java/util/stream/ReduceOps$5
Event: 9.598 Loading class java/util/stream/ReduceOps$5 done
Event: 9.598 Loading class java/util/stream/ReduceOps$CountingSink$OfRef
Event: 9.598 Loading class java/util/stream/ReduceOps$CountingSink
Event: 9.599 Loading class java/util/stream/ReduceOps$CountingSink done
Event: 9.599 Loading class java/util/stream/ReduceOps$CountingSink$OfRef done
Event: 9.694 Loading class java/util/stream/ReduceOps$1
Event: 9.694 Loading class java/util/stream/ReduceOps$1 done
Event: 9.694 Loading class java/util/stream/ReduceOps$1ReducingSink
Event: 9.694 Loading class java/util/stream/ReduceOps$1ReducingSink done
Event: 16.542 Loading class sun/nio/fs/WindowsFileCopy
Event: 16.542 Loading class sun/nio/fs/WindowsFileCopy done
Event: 25.095 Loading class jdk/internal/ref/CleanerImpl$InnocuousThreadFactory
Event: 25.095 Loading class jdk/internal/ref/CleanerImpl$InnocuousThreadFactory done

Classes unloaded (9 events):
Event: 2.269 Thread 0x00000174ab401470 Unloading class 0x00000174c31acc00 'java/lang/invoke/LambdaForm$MH+0x00000174c31acc00'
Event: 2.269 Thread 0x00000174ab401470 Unloading class 0x00000174c31ac800 'java/lang/invoke/LambdaForm$MH+0x00000174c31ac800'
Event: 2.269 Thread 0x00000174ab401470 Unloading class 0x00000174c31ac400 'java/lang/invoke/LambdaForm$MH+0x00000174c31ac400'
Event: 2.269 Thread 0x00000174ab401470 Unloading class 0x00000174c31ac000 'java/lang/invoke/LambdaForm$MH+0x00000174c31ac000'
Event: 2.269 Thread 0x00000174ab401470 Unloading class 0x00000174c31abc00 'java/lang/invoke/LambdaForm$BMH+0x00000174c31abc00'
Event: 2.269 Thread 0x00000174ab401470 Unloading class 0x00000174c31ab800 'java/lang/invoke/LambdaForm$DMH+0x00000174c31ab800'
Event: 2.269 Thread 0x00000174ab401470 Unloading class 0x00000174c31aa400 'java/lang/invoke/LambdaForm$DMH+0x00000174c31aa400'
Event: 7.402 Thread 0x00000174ab401470 Unloading class 0x00000174c36b8000 'java/lang/invoke/LambdaForm$DMH+0x00000174c36b8000'
Event: 7.402 Thread 0x00000174ab401470 Unloading class 0x00000174c36b0c00 'java/lang/invoke/LambdaForm$DMH+0x00000174c36b0c00'

Classes redefined (0 events):
No events

Internal exceptions (20 events):
Event: 24.976 Thread 0x000001750dd147f0 Exception <a 'sun/nio/fs/WindowsException'{0x00000000d55e9778}> (0x00000000d55e9778) 
thrown [s\src\hotspot\share\prims\jni.cpp, line 520]
Event: 24.977 Thread 0x000001750dd147f0 Exception <a 'sun/nio/fs/WindowsException'{0x00000000d55f7488}> (0x00000000d55f7488) 
thrown [s\src\hotspot\share\prims\jni.cpp, line 520]
Event: 24.977 Thread 0x000001750dd147f0 Exception <a 'sun/nio/fs/WindowsException'{0x00000000d55f7d68}> (0x00000000d55f7d68) 
thrown [s\src\hotspot\share\prims\jni.cpp, line 520]
Event: 24.977 Thread 0x000001750dd147f0 Exception <a 'sun/nio/fs/WindowsException'{0x00000000d56104a8}> (0x00000000d56104a8) 
thrown [s\src\hotspot\share\prims\jni.cpp, line 520]
Event: 24.977 Thread 0x000001750dd147f0 Exception <a 'sun/nio/fs/WindowsException'{0x00000000d5610fc0}> (0x00000000d5610fc0) 
thrown [s\src\hotspot\share\prims\jni.cpp, line 520]
Event: 24.981 Thread 0x000001750dd13440 Implicit null exception at 0x00000174b696e7e3 to 0x00000174b696f50c
Event: 24.982 Thread 0x000001750dd147f0 Exception <a 'sun/nio/fs/WindowsException'{0x00000000d576e1b8}> (0x00000000d576e1b8) 
thrown [s\src\hotspot\share\prims\jni.cpp, line 520]
Event: 24.982 Thread 0x000001750dd147f0 Exception <a 'sun/nio/fs/WindowsException'{0x00000000d576ecd0}> (0x00000000d576ecd0) 
thrown [s\src\hotspot\share\prims\jni.cpp, line 520]
Event: 24.983 Thread 0x000001750dd12db0 Exception <a 'sun/nio/fs/WindowsException'{0x00000000d5772638}> (0x00000000d5772638) 
thrown [s\src\hotspot\share\prims\jni.cpp, line 520]
Event: 24.983 Thread 0x000001750dd12db0 Exception <a 'sun/nio/fs/WindowsException'{0x00000000d5779538}> (0x00000000d5779538) 
thrown [s\src\hotspot\share\prims\jni.cpp, line 520]
Event: 24.983 Thread 0x000001750dd147f0 Exception <a 'sun/nio/fs/WindowsException'{0x00000000d5770e88}> (0x00000000d5770e88) 
thrown [s\src\hotspot\share\prims\jni.cpp, line 520]
Event: 24.985 Thread 0x000001750dd12db0 Exception <a 'sun/nio/fs/WindowsException'{0x00000000d5580858}> (0x00000000d5580858) 
thrown [s\src\hotspot\share\prims\jni.cpp, line 520]
Event: 24.985 Thread 0x000001750dd147f0 Exception <a 'sun/nio/fs/WindowsException'{0x00000000d5581428}> (0x00000000d5581428) 
thrown [s\src\hotspot\share\prims\jni.cpp, line 520]
Event: 24.985 Thread 0x000001750dd12db0 Exception <a 'sun/nio/fs/WindowsException'{0x00000000d5580e88}> (0x00000000d5580e88) 
thrown [s\src\hotspot\share\prims\jni.cpp, line 520]
Event: 24.986 Thread 0x000001750dd147f0 Exception <a 'sun/nio/fs/WindowsException'{0x00000000d5582290}> (0x00000000d5582290) 
thrown [s\src\hotspot\share\prims\jni.cpp, line 520]
Event: 24.986 Thread 0x000001750dd147f0 Exception <a 'sun/nio/fs/WindowsException'{0x00000000d55893f0}> (0x00000000d55893f0) 
thrown [s\src\hotspot\share\prims\jni.cpp, line 520]
Event: 24.986 Thread 0x000001750dd147f0 Exception <a 'sun/nio/fs/WindowsException'{0x00000000d558b340}> (0x00000000d558b340) 
thrown [s\src\hotspot\share\prims\jni.cpp, line 520]
Event: 24.986 Thread 0x000001750dd147f0 Exception <a 'sun/nio/fs/WindowsException'{0x00000000d558ce20}> (0x00000000d558ce20) 
thrown [s\src\hotspot\share\prims\jni.cpp, line 520]
Event: 24.986 Thread 0x000001750dd147f0 Exception <a 'sun/nio/fs/WindowsException'{0x00000000d5590438}> (0x00000000d5590438) 
thrown [s\src\hotspot\share\prims\jni.cpp, line 520]
Event: 24.986 Thread 0x000001750dd147f0 Exception <a 'sun/nio/fs/WindowsException'{0x00000000d5593998}> (0x00000000d5593998) 
thrown [s\src\hotspot\share\prims\jni.cpp, line 520]

ZGC Phase Switch (0 events):
No events

VM Operations (20 events):
Event: 24.985 Executing VM operation: ParallelGCFailedAllocation (Allocation Failure) done
Event: 24.993 Executing VM operation: ParallelGCFailedAllocation (Allocation Failure)
Event: 24.995 Executing VM operation: ParallelGCFailedAllocation (Allocation Failure) done
Event: 24.999 Executing VM operation: ParallelGCFailedAllocation (Allocation Failure)
Event: 25.001 Executing VM operation: ParallelGCFailedAllocation (Allocation Failure) done
Event: 25.006 Executing VM operation: ParallelGCFailedAllocation (Allocation Failure)
Event: 25.007 Executing VM operation: ParallelGCFailedAllocation (Allocation Failure) done
Event: 25.020 Executing VM operation: ParallelGCFailedAllocation (Allocation Failure)
Event: 25.038 Executing VM operation: ParallelGCFailedAllocation (Allocation Failure) done
Event: 25.052 Executing VM operation: ParallelGCFailedAllocation (Allocation Failure)
Event: 25.052 Executing VM operation: ParallelGCFailedAllocation (Allocation Failure) done
Event: 25.052 Executing VM operation: ParallelGCSystemGC (GCLocker Initiated GC)
Event: 25.054 Executing VM operation: ParallelGCSystemGC (GCLocker Initiated GC) done
Event: 25.074 Executing VM operation: ParallelGCFailedAllocation (Allocation Failure)
Event: 25.075 Executing VM operation: ParallelGCFailedAllocation (Allocation Failure) done
Event: 25.105 Executing VM operation: ParallelGCFailedAllocation (Allocation Failure)
Event: 25.107 Executing VM operation: ParallelGCFailedAllocation (Allocation Failure) done
Event: 25.114 Executing VM operation: ParallelGCFailedAllocation (Allocation Failure)
Event: 25.116 Executing VM operation: ParallelGCFailedAllocation (Allocation Failure) done
Event: 25.143 Executing VM operation: ParallelGCFailedAllocation (Allocation Failure)

Memory protections (0 events):
No events

Nmethod flushes (20 events):
Event: 7.420 Thread 0x00000174ab401470 flushing  nmethod 0x00000174aeeedd90
Event: 7.420 Thread 0x00000174ab401470 flushing  nmethod 0x00000174aeeeee10
Event: 7.420 Thread 0x00000174ab401470 flushing  nmethod 0x00000174aeef9210
Event: 7.420 Thread 0x00000174ab401470 flushing  nmethod 0x00000174aef1c390
Event: 7.420 Thread 0x00000174ab401470 flushing  nmethod 0x00000174aef30a90
Event: 7.420 Thread 0x00000174ab401470 flushing  nmethod 0x00000174aef31a10
Event: 7.420 Thread 0x00000174ab401470 flushing  nmethod 0x00000174aef34f10
Event: 7.420 Thread 0x00000174ab401470 flushing  nmethod 0x00000174aef39810
Event: 7.420 Thread 0x00000174ab401470 flushing  nmethod 0x00000174aef39f10
Event: 7.420 Thread 0x00000174ab401470 flushing  nmethod 0x00000174aef3b410
Event: 7.420 Thread 0x00000174ab401470 flushing  nmethod 0x00000174aef3b890
Event: 7.420 Thread 0x00000174ab401470 flushing  nmethod 0x00000174aef3cf90
Event: 7.420 Thread 0x00000174ab401470 flushing  nmethod 0x00000174aefc0110
Event: 7.420 Thread 0x00000174ab401470 flushing  nmethod 0x00000174aefc1c10
Event: 7.420 Thread 0x00000174ab401470 flushing  nmethod 0x00000174aefc3510
Event: 7.420 Thread 0x00000174ab401470 flushing  nmethod 0x00000174aefcf390
Event: 7.420 Thread 0x00000174ab401470 flushing  nmethod 0x00000174aefcfb10
Event: 7.420 Thread 0x00000174ab401470 flushing  nmethod 0x00000174aefcfe90
Event: 7.420 Thread 0x00000174ab401470 flushing  nmethod 0x00000174aefd0210
Event: 7.420 Thread 0x00000174ab401470 flushing  nmethod 0x00000174aefd1a10

Events (20 events):
Event: 8.500 Thread 0x000001750c06c200 Thread added: 0x000001750dd0e580
Event: 8.505 Thread 0x000001750c06c200 Thread added: 0x000001750dd12db0
Event: 8.785 Thread 0x0000017509bf4580 Thread added: 0x000001750dd12720
Event: 8.829 Thread 0x000001750dd0e580 Thread added: 0x000001750dd13440
Event: 9.512 Thread 0x000001750dd12720 Thread added: 0x000001750dd12090
Event: 9.781 Thread 0x000001750dd0f930 Thread added: 0x000001750dd11370
Event: 10.540 Thread 0x000001750ab6f970 Thread exited: 0x000001750ab6f970
Event: 11.125 Thread 0x0000017504863de0 Thread exited: 0x0000017504863de0
Event: 15.295 Thread 0x000001750477fc70 Thread added: 0x000001750b7c7850
Event: 15.295 Thread 0x000001750477fc70 Thread added: 0x000001750b7c7f20
Event: 16.543 Thread 0x000001750b7c7850 Thread exited: 0x000001750b7c7850
Event: 16.543 Thread 0x000001750b7c7f20 Thread exited: 0x000001750b7c7f20
Event: 17.594 Thread 0x0000017504782730 Thread added: 0x000001750b7c7850
Event: 17.594 Thread 0x0000017504782730 Thread added: 0x000001750b7c7f20
Event: 20.764 Thread 0x000001750b7c7f20 Thread exited: 0x000001750b7c7f20
Event: 21.068 Thread 0x000001750b7c7850 Thread exited: 0x000001750b7c7850
Event: 23.646 Thread 0x0000017504782730 Thread added: 0x000001750b7c7850
Event: 23.653 Thread 0x000001750b7c7850 Thread added: 0x000001750b7c7f20
Event: 23.909 Thread 0x000001750dd11370 Thread added: 0x000001750dd147f0
Event: 25.096 Thread 0x000001750dd0e580 Thread added: 0x000001750dd11a00


Dynamic libraries:
0x00007ff672250000 - 0x00007ff67225e000 	c:\Users\Adithya\.vscode\extensions\redhat.java-1.46.0-win32-x64\jre\21.0.8-win32-x86_64\bin\java.exe
0x00007ff921e80000 - 0x00007ff9220e8000 	C:\WINDOWS\SYSTEM32\ntdll.dll
0x00007ff9202d0000 - 0x00007ff920399000 	C:\WINDOWS\System32\KERNEL32.DLL
0x00007ff91f260000 - 0x00007ff91f652000 	C:\WINDOWS\System32\KERNELBASE.dll
0x00007ff91fa70000 - 0x00007ff91fbbb000 	C:\WINDOWS\System32\ucrtbase.dll
0x00007ff8fe3a0000 - 0x00007ff8fe3b8000 	c:\Users\Adithya\.vscode\extensions\redhat.java-1.46.0-win32-x64\jre\21.0.8-win32-x86_64\bin\jli.dll
0x00007ff8fde00000 - 0x00007ff8fde1e000 	c:\Users\Adithya\.vscode\extensions\redhat.java-1.46.0-win32-x64\jre\21.0.8-win32-x86_64\bin\VCRUNTIME140.dll
0x00007ff9203a0000 - 0x00007ff920565000 	C:\WINDOWS\System32\USER32.dll
0x00007ff8fd9f0000 - 0x00007ff8fdc83000 	C:\WINDOWS\WinSxS\amd64_microsoft.windows.common-controls_6595b64144ccf1df_6.0.26100.6899_none_3e0efeeae32e88c1\COMCTL32.dll
0x00007ff91f0b0000 - 0x00007ff91f0d7000 	C:\WINDOWS\System32\win32u.dll
0x00007ff9207b0000 - 0x00007ff9207db000 	C:\WINDOWS\System32\GDI32.dll
0x00007ff920f70000 - 0x00007ff921019000 	C:\WINDOWS\System32\msvcrt.dll
0x00007ff91f710000 - 0x00007ff91f83d000 	C:\WINDOWS\System32\gdi32full.dll
0x00007ff91f660000 - 0x00007ff91f703000 	C:\WINDOWS\System32\msvcp_win.dll
0x00007ff921a20000 - 0x00007ff921a4f000 	C:\WINDOWS\System32\IMM32.DLL
0x00007ff91b9f0000 - 0x00007ff91b9fc000 	c:\Users\Adithya\.vscode\extensions\redhat.java-1.46.0-win32-x64\jre\21.0.8-win32-x86_64\bin\vcruntime140_1.dll
0x00007ff8dd9b0000 - 0x00007ff8dda3d000 	c:\Users\Adithya\.vscode\extensions\redhat.java-1.46.0-win32-x64\jre\21.0.8-win32-x86_64\bin\msvcp140.dll
0x00007ff84d540000 - 0x00007ff84e2d7000 	c:\Users\Adithya\.vscode\extensions\redhat.java-1.46.0-win32-x64\jre\21.0.8-win32-x86_64\bin\server\jvm.dll
0x00007ff921840000 - 0x00007ff9218f4000 	C:\WINDOWS\System32\ADVAPI32.dll
0x00007ff920670000 - 0x00007ff920716000 	C:\WINDOWS\System32\sechost.dll
0x00007ff921900000 - 0x00007ff921a18000 	C:\WINDOWS\System32\RPCRT4.dll
0x00007ff91fe30000 - 0x00007ff91fea4000 	C:\WINDOWS\System32\WS2_32.dll
0x00007ff91ee70000 - 0x00007ff91eece000 	C:\WINDOWS\SYSTEM32\POWRPROF.dll
0x00007ff912bd0000 - 0x00007ff912c05000 	C:\WINDOWS\SYSTEM32\WINMM.dll
0x00007ff90b590000 - 0x00007ff90b59b000 	C:\WINDOWS\SYSTEM32\VERSION.dll
0x00007ff91ee50000 - 0x00007ff91ee64000 	C:\WINDOWS\SYSTEM32\UMPDC.dll
0x00007ff91dd40000 - 0x00007ff91dd5b000 	C:\WINDOWS\SYSTEM32\kernel.appcore.dll
0x00007ff8fd550000 - 0x00007ff8fd55a000 	c:\Users\Adithya\.vscode\extensions\redhat.java-1.46.0-win32-x64\jre\21.0.8-win32-x86_64\bin\jimage.dll
0x00007ff91c4a0000 - 0x00007ff91c6e2000 	C:\WINDOWS\SYSTEM32\DBGHELP.DLL
0x00007ff921ac0000 - 0x00007ff921e3b000 	C:\WINDOWS\System32\combase.dll
0x00007ff921020000 - 0x00007ff9210f7000 	C:\WINDOWS\System32\OLEAUT32.dll
0x00007ff8f8b60000 - 0x00007ff8f8b9c000 	C:\WINDOWS\SYSTEM32\dbgcore.DLL
0x00007ff91f010000 - 0x00007ff91f0a8000 	C:\WINDOWS\System32\bcryptPrimitives.dll
0x00007ff8fd540000 - 0x00007ff8fd54f000 	c:\Users\Adithya\.vscode\extensions\redhat.java-1.46.0-win32-x64\jre\21.0.8-win32-x86_64\bin\instrument.dll
0x00007ff8fd250000 - 0x00007ff8fd26f000 	c:\Users\Adithya\.vscode\extensions\redhat.java-1.46.0-win32-x64\jre\21.0.8-win32-x86_64\bin\java.dll
0x00007ff9207e0000 - 0x00007ff920f2d000 	C:\WINDOWS\System32\SHELL32.dll
0x00007ff91f900000 - 0x00007ff91fa6b000 	C:\WINDOWS\System32\wintypes.dll
0x00007ff91cc40000 - 0x00007ff91d49d000 	C:\WINDOWS\SYSTEM32\windows.storage.dll
0x00007ff9201c0000 - 0x00007ff9202b2000 	C:\WINDOWS\System32\SHCORE.dll
0x00007ff91ff30000 - 0x00007ff91ff92000 	C:\WINDOWS\System32\shlwapi.dll
0x00007ff91ef30000 - 0x00007ff91ef59000 	C:\WINDOWS\SYSTEM32\profapi.dll
0x00007ff8e6ff0000 - 0x00007ff8e7008000 	c:\Users\Adithya\.vscode\extensions\redhat.java-1.46.0-win32-x64\jre\21.0.8-win32-x86_64\bin\zip.dll
0x00007ff8fcd30000 - 0x00007ff8fcd40000 	C:\Users\Adithya\.vscode\extensions\redhat.java-1.46.0-win32-x64\jre\21.0.8-win32-x86_64\bin\net.dll
0x00007ff90de50000 - 0x00007ff90df6f000 	C:\WINDOWS\SYSTEM32\WINHTTP.dll
0x00007ff91e350000 - 0x00007ff91e3bb000 	C:\WINDOWS\system32\mswsock.dll
0x00007ff8e6ec0000 - 0x00007ff8e6ed6000 	C:\Users\Adithya\.vscode\extensions\redhat.java-1.46.0-win32-x64\jre\21.0.8-win32-x86_64\bin\nio.dll
0x00007ff8f7f80000 - 0x00007ff8f7f90000 	c:\Users\Adithya\.vscode\extensions\redhat.java-1.46.0-win32-x64\jre\21.0.8-win32-x86_64\bin\verify.dll
0x00007ff8d7e70000 - 0x00007ff8d7eb4000 	C:\Users\Adithya\AppData\Roaming\Code\User\globalStorage\redhat.java\1.46.0\config_win\org.eclipse.equinox.launcher\org.eclipse.equinox.launcher.win32.win32.x86_64_1.2.1400.v20250801-0854\eclipse_11916.dll
0x00007ff91ffa0000 - 0x00007ff920138000 	C:\WINDOWS\System32\ole32.dll
0x00007ff91e600000 - 0x00007ff91e61b000 	C:\WINDOWS\SYSTEM32\CRYPTSP.dll
0x00007ff91dd60000 - 0x00007ff91dd9b000 	C:\WINDOWS\system32\rsaenh.dll
0x00007ff91e3f0000 - 0x00007ff91e41b000 	C:\WINDOWS\SYSTEM32\USERENV.dll
0x00007ff91ef00000 - 0x00007ff91ef26000 	C:\WINDOWS\SYSTEM32\bcrypt.dll
0x00007ff91e620000 - 0x00007ff91e62c000 	C:\WINDOWS\SYSTEM32\CRYPTBASE.dll
0x00007ff91d870000 - 0x00007ff91d8a4000 	C:\WINDOWS\SYSTEM32\IPHLPAPI.DLL
0x00007ff9202c0000 - 0x00007ff9202ca000 	C:\WINDOWS\System32\NSI.dll
0x00007ff8d5850000 - 0x00007ff8d5899000 	C:\Users\Adithya\AppData\Local\Temp\jna-78836934\jna4016059714815037056.dll
0x00007ff920f30000 - 0x00007ff920f38000 	C:\WINDOWS\System32\PSAPI.DLL
0x00007ff9185c0000 - 0x00007ff9185de000 	C:\WINDOWS\SYSTEM32\dhcpcsvc6.DLL
0x00007ff918590000 - 0x00007ff9185b3000 	C:\WINDOWS\SYSTEM32\dhcpcsvc.DLL

JVMTI agents:
c:\Users\Adithya\.vscode\extensions\redhat.java-1.46.0-win32-x64\lombok\lombok-1.18.39-4050.jar path:c:\Users\Adithya\.vscode\extensions\redhat.java-1.46.0-win32-x64\jre\21.0.8-win32-x86_64\bin\instrument.dll, loaded, initialized, instrumentlib options:none

dbghelp: loaded successfully - version: 4.0.5 - missing functions: none
symbol engine: initialized successfully - sym options: 0x614 - pdb path: .;c:\Users\Adithya\.vscode\extensions\redhat.java-1.46.0-win32-x64\jre\21.0.8-win32-x86_64\bin;C:\WINDOWS\SYSTEM32;C:\WINDOWS\WinSxS\amd64_microsoft.windows.common-controls_6595b64144ccf1df_6.0.26100.6899_none_3e0efeeae32e88c1;c:\Users\Adithya\.vscode\extensions\redhat.java-1.46.0-win32-x64\jre\21.0.8-win32-x86_64\bin\server;C:\Users\Adithya\AppData\Roaming\Code\User\globalStorage\redhat.java\1.46.0\config_win\org.eclipse.equinox.launcher\org.eclipse.equinox.launcher.win32.win32.x86_64_1.2.1400.v20250801-0854;C:\Users\Adithya\AppData\Local\Temp\jna-78836934

VM Arguments:
jvm_args: --add-modules=ALL-SYSTEM --add-opens=java.base/java.util=ALL-UNNAMED --add-opens=java.base/java.lang=ALL-UNNAMED --add-opens=java.base/sun.nio.fs=ALL-UNNAMED -Declipse.application=org.eclipse.jdt.ls.core.id1 -Dosgi.bundles.defaultStartLevel=4 -Declipse.product=org.eclipse.jdt.ls.core.product -Djava.import.generatesMetadataFilesAtProjectRoot=false -DDetectVMInstallationsJob.disabled=true -Dfile.encoding=utf8 -XX:+UseParallelGC -XX:GCTimeRatio=4 -XX:AdaptiveSizePolicyWeight=90 -Dsun.zip.disableMemoryMapping=true -Xmx2G -Xms100m -Xlog:disable -javaagent:c:\Users\Adithya\.vscode\extensions\redhat.java-1.46.0-win32-x64\lombok\lombok-1.18.39-4050.jar -XX:+HeapDumpOnOutOfMemoryError -XX:HeapDumpPath=c:\Users\Adithya\AppData\Roaming\Code\User\workspaceStorage\b0f94125075681ba804e8987c2d9ead6\redhat.java -Daether.dependencyCollector.impl=bf 
java_command: c:\Users\Adithya\.vscode\extensions\redhat.java-1.46.0-win32-x64\server\plugins\org.eclipse.equinox.launcher_1.7.0.v20250519-0528.jar -configuration c:\Users\Adithya\AppData\Roaming\Code\User\globalStorage\redhat.java\1.46.0\config_win -data c:\Users\Adithya\AppData\Roaming\Code\User\workspaceStorage\b0f94125075681ba804e8987c2d9ead6\redhat.java\jdt_ws --pipe=\\.\pipe\lsp-7f2de1f7de5cc17586e3e4a1e48358b6-sock
java_class_path (initial): c:\Users\Adithya\.vscode\extensions\redhat.java-1.46.0-win32-x64\server\plugins\org.eclipse.equinox.launcher_1.7.0.v20250519-0528.jar
Launcher Type: SUN_STANDARD

[Global flags]
    uintx AdaptiveSizePolicyWeight                 = 90                                        {product} {command line}
     intx CICompilerCount                          = 4                                         {product} {ergonomic}
    uintx GCTimeRatio                              = 4                                         {product} {command line}
     bool HeapDumpOnOutOfMemoryError               = true                                   {manageable} {command line}
    ccstr HeapDumpPath                             = c:\Users\Adithya\AppData\Roaming\Code\User\workspaceStorage\b0f94125075681ba804e8987c2d9ead6\redhat.java         {manageable} {command line}
   size_t InitialHeapSize                          = 104857600                                 {product} {command line}
   size_t MaxHeapSize                              = 2147483648                                {product} {command line}
   size_t MaxNewSize                               = 715653120                                 {product} {ergonomic}
   size_t MinHeapDeltaBytes                        = 524288                                    {product} {ergonomic}
   size_t MinHeapSize                              = 104857600                                 {product} {command line}
   size_t NewSize                                  = 34603008                                  {product} {ergonomic}
    uintx NonNMethodCodeHeapSize                   = 5839372                                {pd product} {ergonomic}
    uintx NonProfiledCodeHeapSize                  = 122909434                              {pd product} {ergonomic}
   size_t OldSize                                  = 70254592                                  {product} {ergonomic}
    uintx ProfiledCodeHeapSize                     = 122909434                              {pd product} {ergonomic}
    uintx ReservedCodeCacheSize                    = 251658240                              {pd product} {ergonomic}
     bool SegmentedCodeCache                       = true                                      {product} {ergonomic}
   size_t SoftMaxHeapSize                          = 2147483648                             {manageable} {ergonomic}
     bool UseCompressedOops                        = true                           {product lp64_product} {ergonomic}
     bool UseLargePagesIndividualAllocation        = false                                  {pd product} {ergonomic}
     bool UseParallelGC                            = true                                      {product} {command line}

Logging:
Log output configuration:
 #0: stdout all=off uptime,level,tags foldmultilines=false
 #1: stderr all=off uptime,level,tags foldmultilines=false

Environment Variables:
JAVA_HOME=C:\Program Files\Java\jdk-22
PATH=C:\Program Files\Common Files\Oracle\Java\javapath;C:\Program Files (x86)\VMware\VMware Player\bin\;C:\WINDOWS\system32;C:\WINDOWS;C:\WINDOWS\System32\Wbem;C:\WINDOWS\System32\WindowsPowerShell\v1.0\;C:\WINDOWS\System32\OpenSSH\;C:\MinGW\bin;C:\Program Files\dotnet\;C:\Program Files\Java\jdk-22\bin;C:\Program Files (x86)\Microchip\MPLAB C32 Suite\bin;C:\Program Files\HP\HP One Agent;C:\Program Files\Git\cmd;C:\Program Files\Microchip\xc8\v2.46\bin;C:\Program Files\MATLAB\R2024a\bin;C:\WINDOWS\system32;C:\WINDOWS;C:\WINDOWS\System32\Wbem;C:\WINDOWS\System32\WindowsPowerShell\v1.0\;C:\WINDOWS\System32\OpenSSH\;C:\ProgramData\anaconda3\;C:\Users\Adithya\AppData\Local\Packages\PythonSoftwareFoundation.Python.3.13_qbz5n2kfra8p0\LocalCache\local-packages\Python313\Scripts;C:\Program Files\Microchip\xc16\v2.10\bin;C:\Users\Adithya\AppData\Local\Programs\Python;C:\Users\Adithya\AppData\Local\Programs\Python\Python310;C:\Program Files\Docker\Docker\resources\bin;C:\Program Files\MongoDB\Server\8.2\bin;C:\Program Files\apache-maven-3.9.11\bin;C:\Users\Adithya\AppData\Local\Programs\Python\Python38\Scripts\;C:\Users\Adithya\AppData\Local\Programs\Python\Python38\;C:\Users\Adithya\AppData\Local\Microsoft\WindowsApps;C:\Users\Adithya\AppData\Local\GitHubDesktop\bin;C:\Users\Adithya\AppData\Local\Programs\Microsoft VS Code\bin;C:\Program Files\JetBrains\PyCharm 2024.1.1\bin;;C:\Program Files\JetBrains\IntelliJ IDEA 2024.1.1\bin;;C:\Users\Adithya\AppData\Local\Programs\cursor\resources\app\bin;C:\Program Files\mongosh\;C:\Users\Adithya\AppData\Local\Microsoft\WinGet\Packages\jqlang.jq_Microsoft.Winget.Source_8wekyb3d8bbwe;
USERNAME=Reddy
OS=Windows_NT
PROCESSOR_IDENTIFIER=Intel64 Family 6 Model 140 Stepping 1, GenuineIntel
TMP=C:\Users\Adithya\AppData\Local\Temp
TEMP=C:\Users\Adithya\AppData\Local\Temp




Periodic native trim disabled

---------------  S Y S T E M  ---------------

OS:
 Windows 11 , 64 bit Build 26100 (10.0.26100.6725)
OS uptime: 0 days 9:24 hours
Hyper-V role detected

CPU: total 8 (initial active 8) (4 cores per cpu, 2 threads per core) family 6 model 140 stepping 1 microcode 0xb4, cx8, cmov, fxsr, ht, mmx, 3dnowpref, sse, sse2, sse3, ssse3, sse4.1, sse4.2, popcnt, lzcnt, tsc, tscinvbit, avx, avx2, aes, erms, clmul, bmi1, bmi2, adx, avx512f, avx512dq, avx512cd, avx512bw, avx512vl, sha, fma, vzeroupper, avx512_vpopcntdq, avx512_vpclmulqdq, avx512_vaes, avx512_vnni, clflush, clflushopt, clwb, avx512_vbmi2, avx512_vbmi, hv, rdtscp, rdpid, fsrm, gfni, avx512_bitalg, f16c, cet_ibt, cet_ss, avx512_ifma
Processor Information for processor 0
  Max Mhz: 2401, Current Mhz: 2400, Mhz Limit: 2376
Processor Information for processor 1
  Max Mhz: 2401, Current Mhz: 2400, Mhz Limit: 2376
Processor Information for processor 2
  Max Mhz: 2401, Current Mhz: 2400, Mhz Limit: 2376
Processor Information for processor 3
  Max Mhz: 2401, Current Mhz: 1100, Mhz Limit: 2376
Processor Information for processor 4
  Max Mhz: 2401, Current Mhz: 2400, Mhz Limit: 2376
Processor Information for processor 5
  Max Mhz: 2401, Current Mhz: 1100, Mhz Limit: 2376
Processor Information for processor 6
  Max Mhz: 2401, Current Mhz: 1100, Mhz Limit: 2376
Processor Information for processor 7
  Max Mhz: 2401, Current Mhz: 2400, Mhz Limit: 2376

Memory: 4k page, system-wide physical 16026M (2989M free)
TotalPageFile size 16026M (AvailPageFile size 16M)
current process WorkingSet (physical memory assigned to process): 861M, peak: 873M
current process commit charge ("private bytes"): 881M, peak: 893M

vm_info: OpenJDK 64-Bit Server VM (21.0.8+9-LTS) for windows-amd64 JRE (21.0.8+9-LTS), built on 2025-07-15T00:00:00Z by "admin" with MS VC++ 17.7 (VS2022)

END.
